app/seeds.txt
com.mrzang.proguard.R$attr: int radioButtonStyle
com.mrzang.proguard.R$styleable: int AppCompatTextView_autoSizeTextType
com.mrzang.proguard.R$attr: int fontVariationSettings
com.mrzang.proguard.R$attr: int colorControlHighlight
com.mrzang.proguard.R$styleable: int AppCompatTheme_dialogPreferredPadding
com.mrzang.proguard.R$styleable: int ConstraintLayout_Layout_layout_constraintHeight_percent
com.mrzang.proguard.R$style: int Base_TextAppearance_AppCompat_Widget_ActionBar_Subtitle_Inverse
com.mrzang.proguard.R$styleable: int ConstraintSet_android_layout_marginBottom
com.mrzang.proguard.R$styleable: int ConstraintSet_android_elevation
com.mrzang.proguard.R$attr: int hideOnContentScroll
com.mrzang.proguard.R$id: int accessibility_custom_action_25
com.mrzang.proguard.R$id: int search_plate
com.mrzang.proguard.R$style: int Theme_AppCompat_Light_DarkActionBar
com.mrzang.proguard.R$dimen: int abc_edit_text_inset_top_material
com.mrzang.proguard.R$style: int Platform_V25_AppCompat
com.mrzang.proguard.R$style: int TextAppearance_AppCompat
com.mrzang.proguard.R$color: int primary_text_disabled_material_light
com.mrzang.proguard.R$style: int TextAppearance_AppCompat_Small
com.mrzang.proguard.R$attr: int viewInflaterClass
com.mrzang.proguard.R$drawable: int abc_item_background_holo_light
com.mrzang.proguard.R$attr: int theme
com.mrzang.proguard.R$styleable: int ConstraintLayout_Layout_layout_constraintStart_toEndOf
com.mrzang.proguard.R$integer: R$integer()
com.mrzang.proguard.R$style: int Base_Widget_AppCompat_Light_ActionBar_TabView
com.mrzang.proguard.R$style: int Base_TextAppearance_AppCompat_Caption
com.mrzang.proguard.R$id: int tag_accessibility_actions
com.mrzang.proguard.R$style: int Widget_AppCompat_ProgressBar_Horizontal
com.mrzang.proguard.R$styleable: int ConstraintLayout_Layout_android_minWidth
com.mrzang.proguard.R$styleable: int RecycleListView_paddingTopNoTitle
com.mrzang.proguard.R$style: int Widget_AppCompat_ImageButton
com.mrzang.proguard.R$id: int accessibility_custom_action_9
com.mrzang.proguard.R$attr: int colorPrimary
com.mrzang.proguard.R$attr: int windowFixedWidthMajor
com.mrzang.proguard.R$styleable: int TextAppearance_fontFamily
com.mrzang.proguard.R$id: int accessibility_custom_action_14
com.mrzang.proguard.R$style: int Base_ThemeOverlay_AppCompat_Dark_ActionBar
com.mrzang.proguard.R$styleable: int Toolbar_android_minHeight
com.mrzang.proguard.R$drawable: int abc_edit_text_material
com.mrzang.proguard.R$dimen: int abc_control_corner_material
com.mrzang.proguard.R$drawable: int abc_list_selector_disabled_holo_light
com.mrzang.proguard.R$color: int primary_text_disabled_material_dark
com.mrzang.proguard.R$id: int homeAsUp
com.mrzang.proguard.R$styleable: int ConstraintSet_chainUseRtl
com.mrzang.proguard.R$anim: int abc_fade_out
com.mrzang.proguard.R$drawable: int abc_btn_radio_to_on_mtrl_015
com.mrzang.proguard.R$style: int Base_Widget_AppCompat_Toolbar
com.mrzang.proguard.R$color: int primary_dark_material_dark
com.mrzang.proguard.R$styleable: int Spinner_android_dropDownWidth
com.mrzang.proguard.R$styleable: int ConstraintSet_constraint_referenced_ids
com.mrzang.proguard.R$styleable: int GradientColor_android_type
com.mrzang.proguard.R$styleable: int AppCompatTheme_listChoiceBackgroundIndicator
com.mrzang.proguard.R$attr: int layout_constraintRight_creator
com.mrzang.proguard.R$style: int Base_Widget_AppCompat_Button_Small
com.mrzang.proguard.R$id: int async
com.mrzang.proguard.R$style: int Widget_AppCompat_Toolbar
com.mrzang.proguard.R$drawable: int abc_list_selector_background_transition_holo_light
com.mrzang.proguard.R$id: int accessibility_custom_action_0
com.mrzang.proguard.R$attr: int ratingBarStyleIndicator
com.mrzang.proguard.R$dimen: int abc_text_size_button_material
com.mrzang.proguard.R$attr: int actionViewClass
com.mrzang.proguard.BuildConfig: int VERSION_CODE
com.mrzang.proguard.R$dimen: int notification_action_icon_size
com.mrzang.proguard.R$style: int Widget_AppCompat_Light_ActionMode_Inverse
...
androidx.vectordrawable.graphics.drawable.AndroidResources: int STYLEABLE_ANIMATOR_INTERPOLATOR
androidx.core.text.util.FindAddress: java.lang.String HOUSE_PRE_DELIM
androidx.appcompat.widget.ActionBarOverlayLayout: void onLayout(boolean,int,int,int,int)
androidx.appcompat.widget.AppCompatImageView: boolean hasOverlappingRendering()
androidx.lifecycle.AndroidViewModel: android.app.Application mApplication
androidx.collection.LongSparseArray: java.lang.Object putIfAbsent(long,java.lang.Object)
androidx.core.app.NotificationCompat$BigPictureStyle: android.graphics.Bitmap mPicture
androidx.core.app.NotificationCompat$Action: int getSemanticAction()
androidx.core.view.MenuItemCompat
androidx.core.view.accessibility.AccessibilityNodeInfoCompat: void setLabeledBy(android.view.View,int)
androidx.appcompat.view.menu.MenuItemWrapperICS$OnActionExpandListenerWrapper: androidx.appcompat.view.menu.MenuItemWrapperICS this$0
androidx.appcompat.widget.ActionBarContextView: ActionBarContextView(android.content.Context)
androidx.fragment.app.FragmentActivity: java.lang.String TAG
androidx.appcompat.graphics.drawable.DrawableWrapper: void setWrappedDrawable(android.graphics.drawable.Drawable)
androidx.constraintlayout.widget.ConstraintLayout$LayoutParams: int verticalChainStyle
androidx.appcompat.widget.SearchView: void getChildBoundsWithinSearchView(android.view.View,android.graphics.Rect)
androidx.appcompat.widget.AppCompatTextHelper: int getAutoSizeMaxTextSize()
androidx.appcompat.graphics.drawable.AnimatedStateListDrawableCompat: void init()
androidx.appcompat.R$attr: int numericModifiers
androidx.appcompat.app.AppCompatDelegateImpl$ActionBarDrawableToggleImpl
androidx.appcompat.resources.R$dimen: int compat_button_padding_vertical_material
androidx.appcompat.R$styleable: int AppCompatTheme_editTextBackground
androidx.activity.ComponentActivity: java.lang.Object onRetainCustomNonConfigurationInstance()
androidx.core.view.InputDeviceCompat: int SOURCE_JOYSTICK
androidx.constraintlayout.solver.widgets.ConstraintAnchor: int UNSET_GONE_MARGIN
androidx.appcompat.view.menu.ExpandedMenuView: void initialize(androidx.appcompat.view.menu.MenuBuilder)
androidx.core.text.BidiFormatter
androidx.fragment.app.FragmentManagerImpl: android.os.Parcelable saveAllState()
androidx.appcompat.widget.ThemeUtils: java.lang.ThreadLocal TL_TYPED_VALUE
androidx.appcompat.view.menu.CascadingMenuPopup: int mPopupStyleAttr
androidx.appcompat.widget.AppCompatButton: void setCustomSelectionActionModeCallback(android.view.ActionMode$Callback)
androidx.appcompat.widget.SearchView: android.view.View mSearchPlate
androidx.lifecycle.ClassesInfoCache$MethodReference
androidx.appcompat.widget.Toolbar: int getChildVerticalGravity(int)
androidx.appcompat.widget.DecorToolbar: void initProgress()
androidx.appcompat.graphics.drawable.DrawableContainer$DrawableContainerState: boolean isStateful()
androidx.appcompat.app.AppCompatDelegateImpl$AutoNightModeManager: void onChange()
androidx.core.app.CoreComponentFactory: android.app.Activity instantiateActivity(java.lang.ClassLoader,java.lang.String,android.content.Intent)
androidx.activity.OnBackPressedDispatcher$OnBackPressedCancellable: OnBackPressedDispatcher$OnBackPressedCancellable(androidx.activity.OnBackPressedDispatcher,androidx.activity.OnBackPressedCallback)
androidx.core.provider.FontsContractCompat$4$4
androidx.appcompat.app.AlertController: void setTitle(java.lang.CharSequence)
androidx.appcompat.R$id: int actions
androidx.constraintlayout.solver.widgets.ConstraintWidget: int mHorizontalChainStyle
androidx.core.app.NotificationCompat$BigPictureStyle: androidx.core.app.NotificationCompat$BigPictureStyle setSummaryText(java.lang.CharSequence)
androidx.core.text.util.FindAddress: boolean isValidZipCode(java.lang.String,java.lang.String)
androidx.appcompat.R$styleable: int View_theme
androidx.lifecycle.ViewModelProvider: ViewModelProvider(androidx.lifecycle.ViewModelStore,androidx.lifecycle.ViewModelProvider$Factory)