app/mapping.txt
# compiler: R8
# compiler_version: 1.5.68
# min_api: 17
# pg_map_id: 32e01fc
com.mrzang.proguard.BuildConfig -> b.a.a.a:
    java.lang.String VERSION_NAME -> f
    int VERSION_CODE -> e
    boolean DEBUG -> a
    java.lang.String BUILD_TYPE -> c
    java.lang.String APPLICATION_ID -> b
    java.lang.String FLAVOR -> d
    1:1:void <init>():6:6 -> <init>
com.mrzang.proguard.MainActivity -> com.mrzang.proguard.MainActivity:
    1:1:void <init>():7:7 -> <init>
    1:2:void onCreate(android.os.Bundle):11:12 -> onCreate
com.mrzang.proguard.R -> b.a.a.b:
    1:1:void <init>():10:10 -> <init>
com.mrzang.proguard.R$anim -> b.a.a.b$a:
    1:1:void <init>():11:11 -> <init>
com.mrzang.proguard.R$attr -> b.a.a.b$b:
    1:1:void <init>():37:37 -> <init>
com.mrzang.proguard.R$bool -> b.a.a.b$c:
    1:1:void <init>():3112:3112 -> <init>
com.mrzang.proguard.R$color -> b.a.a.b$d:
    1:1:void <init>():3117:3117 -> <init>
com.mrzang.proguard.R$dimen -> b.a.a.b$e:
    1:1:void <init>():3206:3206 -> <init>
com.mrzang.proguard.R$drawable -> b.a.a.b$f:
    1:1:void <init>():3325:3325 -> <init>
com.mrzang.proguard.R$id -> b.a.a.b$g:
    1:1:void <init>():3437:3437 -> <init>
com.mrzang.proguard.R$integer -> b.a.a.b$h:
    1:1:void <init>():3621:3621 -> <init>
com.mrzang.proguard.R$interpolator -> b.a.a.b$i:
    1:1:void <init>():3628:3628 -> <init>
com.mrzang.proguard.R$layout -> b.a.a.b$j:
    1:1:void <init>():3637:3637 -> <init>
com.mrzang.proguard.R$mipmap -> b.a.a.b$k:
    1:1:void <init>():3679:3679 -> <init>
com.mrzang.proguard.R$string -> b.a.a.b$l:
    1:1:void <init>():3683:3683 -> <init>
com.mrzang.proguard.R$style -> b.a.a.b$m:
    1:1:void <init>():3715:3715 -> <init>
com.mrzang.proguard.R$styleable -> b.a.a.b$n:
    1:1:void <clinit>():4139:4139 -> <clinit>
    2:2:void <clinit>():4571:4571 -> <clinit>
    3:3:void <clinit>():4614:4614 -> <clinit>
    4:4:void <clinit>():4630:4630 -> <clinit>
    5:5:void <clinit>():4653:4653 -> <clinit>
    6:6:void <clinit>():4752:4752 -> <clinit>
    7:7:void <clinit>():4808:4808 -> <clinit>
    8:8:void <clinit>():4928:4928 -> <clinit>
    9:9:void <clinit>():5019:5019 -> <clinit>
    10:10:void <clinit>():5066:5066 -> <clinit>
    11:11:void <clinit>():5137:5137 -> <clinit>
    12:12:void <clinit>():5225:5225 -> <clinit>
    13:13:void <clinit>():5315:5315 -> <clinit>
    14:14:void <clinit>():5476:5476 -> <clinit>
    15:15:void <clinit>():6061:6061 -> <clinit>
    16:16:void <clinit>():7802:7802 -> <clinit>
    17:17:void <clinit>():7832:7832 -> <clinit>
    18:18:void <clinit>():7883:7883 -> <clinit>
    19:19:void <clinit>():8079:8079 -> <clinit>
    20:20:void <clinit>():8981:8981 -> <clinit>
    21:21:void <clinit>():9182:9182 -> <clinit>
    22:22:void <clinit>():10353:10353 -> <clinit>
    23:23:void <clinit>():10485:10485 -> <clinit>
    24:24:void <clinit>():10621:10621 -> <clinit>
    25:25:void <clinit>():10790:10790 -> <clinit>
    26:26:void <clinit>():10974:10974 -> <clinit>
    27:27:void <clinit>():11011:11011 -> <clinit>
    28:28:void <clinit>():11059:11059 -> <clinit>
    29:29:void <clinit>():11229:11229 -> <clinit>
    30:30:void <clinit>():11329:11329 -> <clinit>
...
androidx.drawerlayout.R$style -> a.j.a$i:
    1:1:void <init>():131:131 -> <init>
androidx.drawerlayout.R$styleable -> a.j.a$j:
    1:1:void <clinit>():144:144 -> <clinit>
    2:2:void <clinit>():148:148 -> <clinit>
    3:3:void <clinit>():155:155 -> <clinit>
    4:4:void <clinit>():166:166 -> <clinit>
    5:5:void <clinit>():179:179 -> <clinit>
    1:1:void <init>():142:142 -> <init>
androidx.drawerlayout.widget.DrawerLayout -> androidx.drawerlayout.widget.DrawerLayout:
    boolean ALLOW_EDGE_LOCK -> d0
    boolean mInLayout -> m
    int STATE_IDLE -> O
    int mDrawerState -> l
    android.graphics.drawable.Drawable mShadowStart -> F
    java.lang.String TAG -> M
    java.lang.CharSequence mTitleRight -> C
    float mDrawerElevation -> c
    androidx.customview.widget.ViewDragHelper mRightDragger -> i
    int mMinDrawerMargin -> d
    androidx.drawerlayout.widget.DrawerLayout$ViewDragCallback mRightCallback -> k
    android.graphics.Rect mChildHitRect -> K
    float mInitialMotionX -> w
    int LOCK_MODE_LOCKED_OPEN -> T
    int STATE_DRAGGING -> P
    int mLockModeStart -> q
    boolean mFirstLayout -> n
    int PEEK_DELAY -> b0
    android.graphics.drawable.Drawable mShadowEnd -> G
    java.lang.CharSequence mTitleLeft -> B
    java.lang.Object mLastInsets -> D
    int mScrimColor -> e
    androidx.drawerlayout.widget.DrawerLayout$ViewDragCallback mLeftCallback -> j
    android.graphics.Paint mScrimPaint -> g
    float mInitialMotionY -> x
    android.graphics.drawable.Drawable mStatusBarBackground -> y
    int LOCK_MODE_UNDEFINED -> U
    boolean CAN_HIDE_DESCENDANTS -> h0
    int mLockModeEnd -> r
    int STATE_SETTLING -> Q
    boolean CHILDREN_DISALLOW_INTERCEPT -> e0
    float TOUCH_SLOP_SENSITIVITY -> f0
    java.util.List mListeners -> v
    android.graphics.drawable.Drawable mShadowLeft -> H
    boolean mDisallowInterceptRequested -> s
androidx.drawerlayout.widget.DrawerLayout$1 -> androidx.drawerlayout.widget.DrawerLayout$a:
    androidx.drawerlayout.widget.DrawerLayout this$0 -> a
    1:1:void <init>(androidx.drawerlayout.widget.DrawerLayout):343:343 -> <init>
    1:3:android.view.WindowInsets onApplyWindowInsets(android.view.View,android.view.WindowInsets):346:348 -> onApplyWindowInsets
androidx.drawerlayout.widget.DrawerLayout$AccessibilityDelegate -> androidx.drawerlayout.widget.DrawerLayout$b:
    androidx.drawerlayout.widget.DrawerLayout this$0 -> e
    android.graphics.Rect mTmpRect -> d
    1:2:void <init>(androidx.drawerlayout.widget.DrawerLayout):2349:2350 -> <init>
    1:2:void onInitializeAccessibilityNodeInfo(android.view.View,androidx.core.view.accessibility.AccessibilityNodeInfoCompat):2354:2355 -> a
    3:4:void onInitializeAccessibilityNodeInfo(android.view.View,androidx.core.view.accessibility.AccessibilityNodeInfoCompat):2360:2361 -> a
    5:8:void onInitializeAccessibilityNodeInfo(android.view.View,androidx.core.view.accessibility.AccessibilityNodeInfoCompat):2363:2366 -> a
    9:10:void onInitializeAccessibilityNodeInfo(android.view.View,androidx.core.view.accessibility.AccessibilityNodeInfoCompat):2368:2369 -> a
    11:11:void onInitializeAccessibilityNodeInfo(android.view.View,androidx.core.view.accessibility.AccessibilityNodeInfoCompat):2371:2371 -> a
    12:12:void onInitializeAccessibilityNodeInfo(android.view.View,androidx.core.view.accessibility.AccessibilityNodeInfoCompat):2374:2374 -> a
    13:16:void onInitializeAccessibilityNodeInfo(android.view.View,androidx.core.view.accessibility.AccessibilityNodeInfoCompat):2379:2382 -> a
    17:19:boolean dispatchPopulateAccessibilityEvent(android.view.View,android.view.accessibility.AccessibilityEvent):2399:2401 -> a